<?xml version="1.0" encoding="UTF-8"?>
<!-- Generated by org.testng.reporters.JUnitReportReporter -->
<testsuite skipped="0" hostname="FIN24" name="test.BrowserTest$IEtest" tests="1" failures="0" timestamp="06 Aug 2019 04:57:19 GMT" time="5.413" errors="0">
  <testcase name="InternetExplorerTest" time="5.413" classname="test.BrowserTest$IEtest"/>
</testsuite> <!-- test.BrowserTest$IEtest -->
