<?xml version="1.0" encoding="UTF-8"?>
<!-- Generated by org.testng.reporters.JUnitReportReporter -->
<testsuite skipped="0" hostname="FIN24" name="test.ReadData" tests="1" failures="0" timestamp="07 Aug 2019 06:16:04 GMT" time="0.690" errors="0">
  <testcase name="f" time="0.690" classname="test.ReadData"/>
</testsuite> <!-- test.ReadData -->
