<?xml version="1.0" encoding="UTF-8"?>
<!-- Generated by org.testng.reporters.JUnitReportReporter -->
<testsuite skipped="0" hostname="FIN24" name="test.NewBrowserTest" tests="1" failures="0" timestamp="07 Aug 2019 04:23:15 GMT" time="31.918" errors="0">
  <testcase name="launchBrowserTest" time="31.918" classname="test.NewBrowserTest"/>
</testsuite> <!-- test.NewBrowserTest -->
