<?xml version="1.0" encoding="UTF-8"?>
<!-- Generated by org.testng.reporters.JUnitReportReporter -->
<testsuite skipped="0" hostname="FIN24" name="test.NewTabTest" tests="1" failures="0" timestamp="07 Aug 2019 05:02:53 GMT" time="34.049" errors="0">
  <testcase name="launchBrowserTest" time="34.049" classname="test.NewTabTest"/>
</testsuite> <!-- test.NewTabTest -->
