<?xml version="1.0" encoding="UTF-8"?>
<!-- Generated by org.testng.reporters.JUnitReportReporter -->
<testsuite skipped="0" hostname="FIN24" name="test.WriteData" tests="1" failures="0" timestamp="07 Aug 2019 06:59:28 GMT" time="0.994" errors="0">
  <testcase name="f" time="0.994" classname="test.WriteData"/>
</testsuite> <!-- test.WriteData -->
