<?xml version="1.0" encoding="UTF-8"?>
<!-- Generated by org.testng.reporters.JUnitReportReporter -->
<testsuite skipped="0" hostname="FIN24" name="test.RegisterCaseStudy" tests="1" failures="0" timestamp="08 Aug 2019 03:53:55 GMT" time="23.614" errors="0">
  <testcase name="f" time="23.614" classname="test.RegisterCaseStudy"/>
</testsuite> <!-- test.RegisterCaseStudy -->
