<?xml version="1.0" encoding="UTF-8"?>
<!-- Generated by org.testng.reporters.JUnitReportReporter -->
<testsuite skipped="0" hostname="FIN24" name="test.OrderCaseStudy" tests="1" failures="0" timestamp="16 Aug 2019 04:06:00 GMT" time="53.993" errors="0">
  <testcase name="placeOrder" time="53.993" classname="test.OrderCaseStudy"/>
</testsuite> <!-- test.OrderCaseStudy -->
